2026-01-05 02:52:21,341 - INFO - ============================================================
2026-01-05 02:52:21,342 - INFO - Sumner County Recent Sales Scraper
2026-01-05 02:52:21,342 - INFO - ============================================================
2026-01-05 02:52:23,245 - INFO - Loading: https://sumnertn.virtualtownhall.net/Citizens/Default.aspx
2026-01-05 02:52:23,770 - ERROR - Fatal error: Message: unknown error: net::ERR_NAME_NOT_RESOLVED
  (Session info: MicrosoftEdge=143.0.3650.96)
Stacktrace:
Symbols not available. Dumping unresolved backtrace:
	0x7ff6c0ed87d5
	0x7ff6c0e48e44
	0x7ff6c12331f2
	0x7ff6c0c5a1e5
	0x7ff6c0c4fb61
	0x7ff6c0c510de
	0x7ff6c0c4fdbc
	0x7ff6c0c4f9e1
	0x7ff6c0c4f785
	0x7ff6c0c4d946
	0x7ff6c0c4df72
	0x7ff6c0c5fad6
	0x7ff6c0cdce44
	0x7ff6c0cc23ea
	0x7ff6c0c9a2e5
	0x7ff6c0cdc8de
	0x7ff6c0c9982a
	0x7ff6c0c98b33
	0x7ff6c0c99653
	0x7ff6c0d822e4
	0x7ff6c0d9109c
	0x7ff6c0d8ac7f
	0x7ff6c0f69b37
	0x7ff6c0e546a6
	0x7ff6c0e4eab4
	0x7ff6c0e4ebf9
	0x7ff6c0e42cbd
	0x7ffcb0367374
	0x7ffcb089cc91

2026-01-05 02:52:23,781 - ERROR - Traceback (most recent call last):
  File "C:\Users\user\OneDrive\Desktop\Investors back end\Property-Managers---Back-End-Recents\cron_sumner_county.py", line 53, in scrape_sumner
    driver.get(url)
    ~~~~~~~~~~^^^^^
  File "C:\Users\user\AppData\Local\Programs\Python\Python313\Lib\site-packages\selenium\webdriver\remote\webdriver.py", line 452, in get
    self.execute(Command.GET, {"url": url})
    ~~~~~~~~~~~~^^^^^^^^^^^^^^^^^^^^^^^^^^^
  File "C:\Users\user\AppData\Local\Programs\Python\Python313\Lib\site-packages\selenium\webdriver\remote\webdriver.py", line 432, in execute
    self.error_handler.check_response(response)
    ~~~~~~~~~~~~~~~~~~~~~~~~~~~~~~~~~^^^^^^^^^^
  File "C:\Users\user\AppData\Local\Programs\Python\Python313\Lib\site-packages\selenium\webdriver\remote\errorhandler.py", line 232, in check_response
    raise exception_class(message, screen, stacktrace)
selenium.common.exceptions.WebDriverException: Message: unknown error: net::ERR_NAME_NOT_RESOLVED
  (Session info: MicrosoftEdge=143.0.3650.96)
Stacktrace:
Symbols not available. Dumping unresolved backtrace:
	0x7ff6c0ed87d5
	0x7ff6c0e48e44
	0x7ff6c12331f2
	0x7ff6c0c5a1e5
	0x7ff6c0c4fb61
	0x7ff6c0c510de
	0x7ff6c0c4fdbc
	0x7ff6c0c4f9e1
	0x7ff6c0c4f785
	0x7ff6c0c4d946
	0x7ff6c0c4df72
	0x7ff6c0c5fad6
	0x7ff6c0cdce44
	0x7ff6c0cc23ea
	0x7ff6c0c9a2e5
	0x7ff6c0cdc8de
	0x7ff6c0c9982a
	0x7ff6c0c98b33
	0x7ff6c0c99653
	0x7ff6c0d822e4
	0x7ff6c0d9109c
	0x7ff6c0d8ac7f
	0x7ff6c0f69b37
	0x7ff6c0e546a6
	0x7ff6c0e4eab4
	0x7ff6c0e4ebf9
	0x7ff6c0e42cbd
	0x7ffcb0367374
	0x7ffcb089cc91


